[2021-09-01 17:06:28.147] [exthost] [info] extension host started
[2021-09-01 17:06:28.333] [exthost] [info] extension host started
[2021-09-01 17:06:28.400] [exthost] [info] ExtensionService#_doActivateExtension vscode.configuration-editing {"startup":false,"extensionId":{"value":"vscode.configuration-editing","_lower":"vscode.configuration-editing"},"activationEvent":"onLanguage:jsonc"}
[2021-09-01 17:06:28.401] [exthost] [info] ExtensionService#loadCommonJSModule file:///c:/STS4/sts-4.11.1.RELEASE/plugins/com.genuitec.eclipse.code.engine.app.win32.x86_64_3.6.0.202002212104/engine/resources/app/extensions/configuration-editing/dist/extension
[2021-09-01 17:06:28.424] [exthost] [info] ExtensionService#_doActivateExtension vscode.json-language-features {"startup":false,"extensionId":{"value":"vscode.json-language-features","_lower":"vscode.json-language-features"},"activationEvent":"onLanguage:jsonc"}
[2021-09-01 17:06:28.424] [exthost] [info] ExtensionService#loadCommonJSModule file:///c:/STS4/sts-4.11.1.RELEASE/plugins/com.genuitec.eclipse.code.engine.app.win32.x86_64_3.6.0.202002212104/engine/resources/app/extensions/json-language-features/client/dist/jsonMain
[2021-09-01 17:06:28.480] [exthost] [info] ExtensionService#_doActivateExtension vscode.typescript-language-features {"startup":false,"extensionId":{"value":"vscode.typescript-language-features","_lower":"vscode.typescript-language-features"},"activationEvent":"onLanguage:jsonc"}
[2021-09-01 17:06:28.480] [exthost] [info] ExtensionService#loadCommonJSModule file:///c:/STS4/sts-4.11.1.RELEASE/plugins/com.genuitec.eclipse.code.engine.app.win32.x86_64_3.6.0.202002212104/engine/resources/app/extensions/typescript-language-features/dist/extension
[2021-09-01 17:06:28.533] [exthost] [info] ExtensionService#_doActivateExtension vscode.grunt {"startup":false,"extensionId":{"value":"vscode.grunt","_lower":"vscode.grunt"},"activationEvent":"onCommand:workbench.action.tasks.runTask"}
[2021-09-01 17:06:28.533] [exthost] [info] ExtensionService#loadCommonJSModule file:///c:/STS4/sts-4.11.1.RELEASE/plugins/com.genuitec.eclipse.code.engine.app.win32.x86_64_3.6.0.202002212104/engine/resources/app/extensions/grunt/dist/main
[2021-09-01 17:06:28.539] [exthost] [info] ExtensionService#_doActivateExtension vscode.gulp {"startup":false,"extensionId":{"value":"vscode.gulp","_lower":"vscode.gulp"},"activationEvent":"onCommand:workbench.action.tasks.runTask"}
[2021-09-01 17:06:28.539] [exthost] [info] ExtensionService#loadCommonJSModule file:///c:/STS4/sts-4.11.1.RELEASE/plugins/com.genuitec.eclipse.code.engine.app.win32.x86_64_3.6.0.202002212104/engine/resources/app/extensions/gulp/dist/main
[2021-09-01 17:06:28.547] [exthost] [info] ExtensionService#_doActivateExtension vscode.jake {"startup":false,"extensionId":{"value":"vscode.jake","_lower":"vscode.jake"},"activationEvent":"onCommand:workbench.action.tasks.runTask"}
[2021-09-01 17:06:28.547] [exthost] [info] ExtensionService#loadCommonJSModule file:///c:/STS4/sts-4.11.1.RELEASE/plugins/com.genuitec.eclipse.code.engine.app.win32.x86_64_3.6.0.202002212104/engine/resources/app/extensions/jake/dist/main
[2021-09-01 17:06:28.553] [exthost] [info] ExtensionService#_doActivateExtension vscode.npm {"startup":false,"extensionId":{"value":"vscode.npm","_lower":"vscode.npm"},"activationEvent":"onCommand:workbench.action.tasks.runTask"}
[2021-09-01 17:06:28.553] [exthost] [info] ExtensionService#loadCommonJSModule file:///c:/STS4/sts-4.11.1.RELEASE/plugins/com.genuitec.eclipse.code.engine.app.win32.x86_64_3.6.0.202002212104/engine/resources/app/extensions/npm/dist/main
[2021-09-01 17:06:28.569] [exthost] [info] ExtensionService#_doActivateExtension HookyQR.beautify {"startup":true,"extensionId":{"value":"HookyQR.beautify","_lower":"hookyqr.beautify"},"activationEvent":"*"}
[2021-09-01 17:06:28.569] [exthost] [info] ExtensionService#loadCommonJSModule file:///c:/STS4/sts-4.11.1.RELEASE/plugins/pack.core.win_3.6.0.202007171759/HookyQR.beautify-1.4.11/extension
[2021-09-01 17:06:28.729] [exthost] [info] ExtensionService#_doActivateExtension christian-kohler.path-intellisense {"startup":true,"extensionId":{"value":"christian-kohler.path-intellisense","_lower":"christian-kohler.path-intellisense"},"activationEvent":"*"}
[2021-09-01 17:06:28.729] [exthost] [info] ExtensionService#loadCommonJSModule file:///c:/STS4/sts-4.11.1.RELEASE/plugins/pack.core.win_3.6.0.202007171759/christian-kohler.path-intellisense-1.4.2/out/src/extension
[2021-09-01 17:06:28.763] [exthost] [info] ExtensionService#_doActivateExtension dbaeumer.vscode-eslint {"startup":true,"extensionId":{"value":"dbaeumer.vscode-eslint","_lower":"dbaeumer.vscode-eslint"},"activationEvent":"*"}
[2021-09-01 17:06:28.763] [exthost] [info] ExtensionService#loadCommonJSModule file:///c:/STS4/sts-4.11.1.RELEASE/plugins/pack.core.win_3.6.0.202007171759/dbaeumer.vscode-eslint-1.9.0/client/out/extension
[2021-09-01 17:06:28.787] [exthost] [info] ExtensionService#_doActivateExtension vscode.debug-auto-launch {"startup":true,"extensionId":{"value":"vscode.debug-auto-launch","_lower":"vscode.debug-auto-launch"},"activationEvent":"*"}
[2021-09-01 17:06:28.787] [exthost] [info] ExtensionService#loadCommonJSModule file:///c:/STS4/sts-4.11.1.RELEASE/plugins/com.genuitec.eclipse.code.engine.app.win32.x86_64_3.6.0.202002212104/engine/resources/app/extensions/debug-auto-launch/dist/extension
[2021-09-01 17:06:28.798] [exthost] [info] ExtensionService#_doActivateExtension vscode.emmet {"startup":true,"extensionId":{"value":"vscode.emmet","_lower":"vscode.emmet"},"activationEvent":"*"}
[2021-09-01 17:06:28.798] [exthost] [info] ExtensionService#loadCommonJSModule file:///c:/STS4/sts-4.11.1.RELEASE/plugins/com.genuitec.eclipse.code.engine.app.win32.x86_64_3.6.0.202002212104/engine/resources/app/extensions/emmet/dist/extension
[2021-09-01 17:06:28.830] [exthost] [info] ExtensionService#_doActivateExtension formulahendry.auto-close-tag {"startup":true,"extensionId":{"value":"formulahendry.auto-close-tag","_lower":"formulahendry.auto-close-tag"},"activationEvent":"*"}
[2021-09-01 17:06:28.830] [exthost] [info] ExtensionService#loadCommonJSModule file:///c:/STS4/sts-4.11.1.RELEASE/plugins/pack.core.win_3.6.0.202007171759/formulahendry.auto-close-tag-0.5.6/out/src/extension
[2021-09-01 17:06:28.851] [exthost] [info] eager extensions activated
[2021-09-01 17:06:31.764] [exthost] [info] extension host started
[2021-09-01 17:06:31.776] [exthost] [info] ExtensionService#_doActivateExtension vscode.emmet {"startup":false,"extensionId":{"value":"vscode.emmet","_lower":"vscode.emmet"},"activationEvent":"onLanguage:html"}
[2021-09-01 17:06:31.776] [exthost] [info] ExtensionService#loadCommonJSModule file:///c:/STS4/sts-4.11.1.RELEASE/plugins/com.genuitec.eclipse.code.engine.app.win32.x86_64_3.6.0.202002212104/engine/resources/app/extensions/emmet/dist/extension
[2021-09-01 17:06:31.800] [exthost] [info] ExtensionService#_doActivateExtension vscode.html-language-features {"startup":false,"extensionId":{"value":"vscode.html-language-features","_lower":"vscode.html-language-features"},"activationEvent":"onLanguage:html"}
[2021-09-01 17:06:31.801] [exthost] [info] ExtensionService#loadCommonJSModule file:///c:/STS4/sts-4.11.1.RELEASE/plugins/com.genuitec.eclipse.code.engine.app.win32.x86_64_3.6.0.202002212104/engine/resources/app/extensions/html-language-features/client/dist/htmlMain
[2021-09-01 17:06:31.830] [exthost] [info] ExtensionService#_doActivateExtension mkaufman.HTMLHint {"startup":false,"extensionId":{"value":"mkaufman.HTMLHint","_lower":"mkaufman.htmlhint"},"activationEvent":"onLanguage:html"}
[2021-09-01 17:06:31.830] [exthost] [info] ExtensionService#loadCommonJSModule file:///c:/STS4/sts-4.11.1.RELEASE/plugins/pack.core.win_3.6.0.202007171759/mkaufman.HTMLHint-0.6.0/out/extension
[2021-09-01 17:06:31.901] [exthost] [info] ExtensionService#_doActivateExtension vscode.configuration-editing {"startup":false,"extensionId":{"value":"vscode.configuration-editing","_lower":"vscode.configuration-editing"},"activationEvent":"onLanguage:jsonc"}
[2021-09-01 17:06:31.902] [exthost] [info] ExtensionService#loadCommonJSModule file:///c:/STS4/sts-4.11.1.RELEASE/plugins/com.genuitec.eclipse.code.engine.app.win32.x86_64_3.6.0.202002212104/engine/resources/app/extensions/configuration-editing/dist/extension
[2021-09-01 17:06:31.907] [exthost] [info] ExtensionService#_doActivateExtension vscode.json-language-features {"startup":false,"extensionId":{"value":"vscode.json-language-features","_lower":"vscode.json-language-features"},"activationEvent":"onLanguage:jsonc"}
[2021-09-01 17:06:31.907] [exthost] [info] ExtensionService#loadCommonJSModule file:///c:/STS4/sts-4.11.1.RELEASE/plugins/com.genuitec.eclipse.code.engine.app.win32.x86_64_3.6.0.202002212104/engine/resources/app/extensions/json-language-features/client/dist/jsonMain
[2021-09-01 17:06:31.939] [exthost] [info] ExtensionService#_doActivateExtension vscode.typescript-language-features {"startup":false,"extensionId":{"value":"vscode.typescript-language-features","_lower":"vscode.typescript-language-features"},"activationEvent":"onLanguage:jsonc"}
[2021-09-01 17:06:31.939] [exthost] [info] ExtensionService#loadCommonJSModule file:///c:/STS4/sts-4.11.1.RELEASE/plugins/com.genuitec.eclipse.code.engine.app.win32.x86_64_3.6.0.202002212104/engine/resources/app/extensions/typescript-language-features/dist/extension
[2021-09-01 17:06:31.969] [exthost] [info] ExtensionService#_doActivateExtension vscode.grunt {"startup":false,"extensionId":{"value":"vscode.grunt","_lower":"vscode.grunt"},"activationEvent":"onCommand:workbench.action.tasks.runTask"}
[2021-09-01 17:06:31.969] [exthost] [info] ExtensionService#loadCommonJSModule file:///c:/STS4/sts-4.11.1.RELEASE/plugins/com.genuitec.eclipse.code.engine.app.win32.x86_64_3.6.0.202002212104/engine/resources/app/extensions/grunt/dist/main
[2021-09-01 17:06:31.972] [exthost] [info] ExtensionService#_doActivateExtension vscode.gulp {"startup":false,"extensionId":{"value":"vscode.gulp","_lower":"vscode.gulp"},"activationEvent":"onCommand:workbench.action.tasks.runTask"}
[2021-09-01 17:06:31.972] [exthost] [info] ExtensionService#loadCommonJSModule file:///c:/STS4/sts-4.11.1.RELEASE/plugins/com.genuitec.eclipse.code.engine.app.win32.x86_64_3.6.0.202002212104/engine/resources/app/extensions/gulp/dist/main
[2021-09-01 17:06:31.975] [exthost] [info] ExtensionService#_doActivateExtension vscode.jake {"startup":false,"extensionId":{"value":"vscode.jake","_lower":"vscode.jake"},"activationEvent":"onCommand:workbench.action.tasks.runTask"}
[2021-09-01 17:06:31.975] [exthost] [info] ExtensionService#loadCommonJSModule file:///c:/STS4/sts-4.11.1.RELEASE/plugins/com.genuitec.eclipse.code.engine.app.win32.x86_64_3.6.0.202002212104/engine/resources/app/extensions/jake/dist/main
[2021-09-01 17:06:31.978] [exthost] [info] ExtensionService#_doActivateExtension vscode.npm {"startup":false,"extensionId":{"value":"vscode.npm","_lower":"vscode.npm"},"activationEvent":"onCommand:workbench.action.tasks.runTask"}
[2021-09-01 17:06:31.978] [exthost] [info] ExtensionService#loadCommonJSModule file:///c:/STS4/sts-4.11.1.RELEASE/plugins/com.genuitec.eclipse.code.engine.app.win32.x86_64_3.6.0.202002212104/engine/resources/app/extensions/npm/dist/main
[2021-09-01 17:06:31.989] [exthost] [info] ExtensionService#_doActivateExtension HookyQR.beautify {"startup":true,"extensionId":{"value":"HookyQR.beautify","_lower":"hookyqr.beautify"},"activationEvent":"*"}
[2021-09-01 17:06:31.989] [exthost] [info] ExtensionService#loadCommonJSModule file:///c:/STS4/sts-4.11.1.RELEASE/plugins/pack.core.win_3.6.0.202007171759/HookyQR.beautify-1.4.11/extension
[2021-09-01 17:06:32.051] [exthost] [info] ExtensionService#_doActivateExtension christian-kohler.path-intellisense {"startup":true,"extensionId":{"value":"christian-kohler.path-intellisense","_lower":"christian-kohler.path-intellisense"},"activationEvent":"*"}
[2021-09-01 17:06:32.051] [exthost] [info] ExtensionService#loadCommonJSModule file:///c:/STS4/sts-4.11.1.RELEASE/plugins/pack.core.win_3.6.0.202007171759/christian-kohler.path-intellisense-1.4.2/out/src/extension
[2021-09-01 17:06:32.066] [exthost] [info] ExtensionService#_doActivateExtension dbaeumer.vscode-eslint {"startup":true,"extensionId":{"value":"dbaeumer.vscode-eslint","_lower":"dbaeumer.vscode-eslint"},"activationEvent":"*"}
[2021-09-01 17:06:32.066] [exthost] [info] ExtensionService#loadCommonJSModule file:///c:/STS4/sts-4.11.1.RELEASE/plugins/pack.core.win_3.6.0.202007171759/dbaeumer.vscode-eslint-1.9.0/client/out/extension
[2021-09-01 17:06:32.081] [exthost] [info] ExtensionService#_doActivateExtension vscode.debug-auto-launch {"startup":true,"extensionId":{"value":"vscode.debug-auto-launch","_lower":"vscode.debug-auto-launch"},"activationEvent":"*"}
[2021-09-01 17:06:32.081] [exthost] [info] ExtensionService#loadCommonJSModule file:///c:/STS4/sts-4.11.1.RELEASE/plugins/com.genuitec.eclipse.code.engine.app.win32.x86_64_3.6.0.202002212104/engine/resources/app/extensions/debug-auto-launch/dist/extension
[2021-09-01 17:06:32.084] [exthost] [info] ExtensionService#_doActivateExtension formulahendry.auto-close-tag {"startup":true,"extensionId":{"value":"formulahendry.auto-close-tag","_lower":"formulahendry.auto-close-tag"},"activationEvent":"*"}
[2021-09-01 17:06:32.085] [exthost] [info] ExtensionService#loadCommonJSModule file:///c:/STS4/sts-4.11.1.RELEASE/plugins/pack.core.win_3.6.0.202007171759/formulahendry.auto-close-tag-0.5.6/out/src/extension
[2021-09-01 17:06:32.210] [exthost] [info] eager extensions activated
